<?xml version="1.0" encoding="UTF-8"?>
<!-- Generated by org.testng.reporters.JUnitXMLReporter -->
<testsuite ignored="2" hostname="OMNIBOOK" failures="0" tests="3" name="Test" time="0.122" errors="0" timestamp="2026-03-24T22:25:24 EDT">
  <testcase classname="automationcore.Base" name="@BeforeMethod launchBrowser" time="0.026">
    <failure type="java.io.FileNotFoundException" message="C:\Users\marin\git\GroceryApplProject\GrocceryApplicationProject\src\main (Access is denied)">
      <![CDATA[java.io.FileNotFoundException: C:\Users\marin\git\GroceryApplProject\GrocceryApplicationProject\src\main (Access is denied)
at java.base/java.io.FileInputStream.open0(Native Method)
at java.base/java.io.FileInputStream.open(FileInputStream.java:213)
at java.base/java.io.FileInputStream.<init>(FileInputStream.java:152)
at java.base/java.io.FileInputStream.<init>(FileInputStream.java:106)
at automationcore.Base.launchBrowser(Base.java:31)
at java.base/java.util.ArrayList.forEach(ArrayList.java:1596)
... Removed 29 stack frames]]>
    </failure>
  </testcase> <!-- @BeforeMethod launchBrowser -->
  <testcase classname="automationcore.Base" name="@BeforeMethod launchBrowser" time="0.001">
    <failure type="java.io.FileNotFoundException" message="C:\Users\marin\git\GroceryApplProject\GrocceryApplicationProject\src\main (Access is denied)">
      <![CDATA[java.io.FileNotFoundException: C:\Users\marin\git\GroceryApplProject\GrocceryApplicationProject\src\main (Access is denied)
at java.base/java.io.FileInputStream.open0(Native Method)
at java.base/java.io.FileInputStream.open(FileInputStream.java:213)
at java.base/java.io.FileInputStream.<init>(FileInputStream.java:152)
at java.base/java.io.FileInputStream.<init>(FileInputStream.java:106)
at automationcore.Base.launchBrowser(Base.java:31)
at java.base/java.util.ArrayList.forEach(ArrayList.java:1596)
... Removed 29 stack frames]]>
    </failure>
  </testcase> <!-- @BeforeMethod launchBrowser -->
  <testcase classname="automationcore.Base" name="@BeforeMethod launchBrowser" time="0.001">
    <failure type="java.io.FileNotFoundException" message="C:\Users\marin\git\GroceryApplProject\GrocceryApplicationProject\src\main (Access is denied)">
      <![CDATA[java.io.FileNotFoundException: C:\Users\marin\git\GroceryApplProject\GrocceryApplicationProject\src\main (Access is denied)
at java.base/java.io.FileInputStream.open0(Native Method)
at java.base/java.io.FileInputStream.open(FileInputStream.java:213)
at java.base/java.io.FileInputStream.<init>(FileInputStream.java:152)
at java.base/java.io.FileInputStream.<init>(FileInputStream.java:106)
at automationcore.Base.launchBrowser(Base.java:31)
at java.base/java.util.ArrayList.forEach(ArrayList.java:1596)
... Removed 29 stack frames]]>
    </failure>
  </testcase> <!-- @BeforeMethod launchBrowser -->
  <testcase classname="testscripts.LoginTest" name="verifyAdminLoginWithValidCreds" time="0.0">
    <skipped/>
  </testcase> <!-- verifyAdminLoginWithValidCreds -->
  <testcase classname="testscripts.LoginTest" name="verifyAdminLoginWithInvalidcreds" time="0.0">
    <skipped/>
  </testcase> <!-- verifyAdminLoginWithInvalidcreds -->
  <testcase classname="testscripts.LoginTest" name="verifyAdminLoginWithInvalidcreds" time="0.0">
    <skipped/>
  </testcase> <!-- verifyAdminLoginWithInvalidcreds -->
  <testcase classname="testscripts.LoginTest" name="verifyAdminLoginWithInvalidUsername" time="0.0">
    <ignored/>
  </testcase> <!-- verifyAdminLoginWithInvalidUsername -->
  <testcase classname="testscripts.LoginTest" name="verifyAdminLoginWithInvalidPassword" time="0.0">
    <ignored/>
  </testcase> <!-- verifyAdminLoginWithInvalidPassword -->
</testsuite> <!-- Test -->
