<?xml version="1.0" encoding="UTF-8"?>
<!-- Generated by org.testng.reporters.JUnitXMLReporter -->
<testsuite ignored="0" hostname="OMNIBOOK" failures="0" tests="4" name="chrometest" time="37.313" errors="0" timestamp="2026-03-22T21:22:53 EDT">
  <testcase classname="testscripts.LoginTest" name="verifyAdminLoginWithValidCreds" time="6.613"/>
  <testcase classname="testscripts.LoginTest" name="verifyAdminLoginWithInvalidPassword" time="1.524"/>
  <testcase classname="testscripts.LoginTest" name="verifyAdminLoginWithInvalidUsername" time="1.546"/>
  <testcase classname="testscripts.LoginTest" name="verifyAdminLoginWithInvalidcreds" time="1.257"/>
</testsuite> <!-- chrometest -->
