<?xml version="1.0" encoding="UTF-8"?>
<!-- Generated by org.testng.reporters.JUnitXMLReporter -->
<testsuite ignored="0" hostname="OMNIBOOK" failures="0" tests="4" name="firefoxtest" time="66.418" errors="0" timestamp="2026-03-22T21:24:00 EDT">
  <testcase classname="testscripts.LoginTest" name="verifyAdminLoginWithValidCreds" time="3.694"/>
  <testcase classname="testscripts.LoginTest" name="verifyAdminLoginWithInvalidPassword" time="1.886"/>
  <testcase classname="testscripts.LoginTest" name="verifyAdminLoginWithInvalidUsername" time="2.296"/>
  <testcase classname="testscripts.LoginTest" name="verifyAdminLoginWithInvalidcreds" time="1.142"/>
</testsuite> <!-- firefoxtest -->
