<?xml version="1.0" encoding="UTF-8"?>
<!-- Generated by org.testng.reporters.JUnitXMLReporter -->
<testsuite ignored="0" hostname="OMNIBOOK" failures="0" tests="5" name="Test1" time="0.232" errors="0" timestamp="2026-03-24T22:26:13 EDT">
  <testcase classname="automationcore.Base" name="@BeforeMethod launchBrowser" time="0.017">
    <failure type="java.io.FileNotFoundException" message="C:\Users\marin\git\GroceryApplProject\GrocceryApplicationProject\src\main (Access is denied)">
      <![CDATA[java.io.FileNotFoundException: C:\Users\marin\git\GroceryApplProject\GrocceryApplicationProject\src\main (Access is denied)
at java.base/java.io.FileInputStream.open0(Native Method)
at java.base/java.io.FileInputStream.open(FileInputStream.java:213)
at java.base/java.io.FileInputStream.<init>(FileInputStream.java:152)
at java.base/java.io.FileInputStream.<init>(FileInputStream.java:106)
at automationcore.Base.launchBrowser(Base.java:31)
at java.base/java.util.concurrent.Executors$RunnableAdapter.call(Executors.java:572)
at java.base/java.util.concurrent.FutureTask.run(FutureTask.java:317)
at java.base/java.util.concurrent.ThreadPoolExecutor.runWorker(ThreadPoolExecutor.java:1144)
at java.base/java.util.concurrent.ThreadPoolExecutor$Worker.run(ThreadPoolExecutor.java:642)
at java.base/java.lang.Thread.run(Thread.java:1583)
... Removed 15 stack frames]]>
    </failure>
  </testcase> <!-- @BeforeMethod launchBrowser -->
  <testcase classname="automationcore.Base" name="@AfterMethod driverQuit" time="0.0">
    <skipped/>
  </testcase> <!-- @AfterMethod driverQuit -->
  <testcase classname="automationcore.Base" name="@BeforeMethod launchBrowser" time="0.001">
    <failure type="java.io.FileNotFoundException" message="C:\Users\marin\git\GroceryApplProject\GrocceryApplicationProject\src\main (Access is denied)">
      <![CDATA[java.io.FileNotFoundException: C:\Users\marin\git\GroceryApplProject\GrocceryApplicationProject\src\main (Access is denied)
at java.base/java.io.FileInputStream.open0(Native Method)
at java.base/java.io.FileInputStream.open(FileInputStream.java:213)
at java.base/java.io.FileInputStream.<init>(FileInputStream.java:152)
at java.base/java.io.FileInputStream.<init>(FileInputStream.java:106)
at automationcore.Base.launchBrowser(Base.java:31)
at java.base/java.util.concurrent.Executors$RunnableAdapter.call(Executors.java:572)
at java.base/java.util.concurrent.FutureTask.run(FutureTask.java:317)
at java.base/java.util.concurrent.ThreadPoolExecutor.runWorker(ThreadPoolExecutor.java:1144)
at java.base/java.util.concurrent.ThreadPoolExecutor$Worker.run(ThreadPoolExecutor.java:642)
at java.base/java.lang.Thread.run(Thread.java:1583)
... Removed 15 stack frames]]>
    </failure>
  </testcase> <!-- @BeforeMethod launchBrowser -->
  <testcase classname="automationcore.Base" name="@AfterMethod driverQuit" time="0.0">
    <skipped/>
  </testcase> <!-- @AfterMethod driverQuit -->
  <testcase classname="automationcore.Base" name="@BeforeMethod launchBrowser" time="0.003">
    <failure type="java.io.FileNotFoundException" message="C:\Users\marin\git\GroceryApplProject\GrocceryApplicationProject\src\main (Access is denied)">
      <![CDATA[java.io.FileNotFoundException: C:\Users\marin\git\GroceryApplProject\GrocceryApplicationProject\src\main (Access is denied)
at java.base/java.io.FileInputStream.open0(Native Method)
at java.base/java.io.FileInputStream.open(FileInputStream.java:213)
at java.base/java.io.FileInputStream.<init>(FileInputStream.java:152)
at java.base/java.io.FileInputStream.<init>(FileInputStream.java:106)
at automationcore.Base.launchBrowser(Base.java:31)
at java.base/java.util.concurrent.Executors$RunnableAdapter.call(Executors.java:572)
at java.base/java.util.concurrent.FutureTask.run(FutureTask.java:317)
at java.base/java.util.concurrent.ThreadPoolExecutor.runWorker(ThreadPoolExecutor.java:1144)
at java.base/java.util.concurrent.ThreadPoolExecutor$Worker.run(ThreadPoolExecutor.java:642)
at java.base/java.lang.Thread.run(Thread.java:1583)
... Removed 15 stack frames]]>
    </failure>
  </testcase> <!-- @BeforeMethod launchBrowser -->
  <testcase classname="automationcore.Base" name="@AfterMethod driverQuit" time="0.0">
    <skipped/>
  </testcase> <!-- @AfterMethod driverQuit -->
  <testcase classname="automationcore.Base" name="@BeforeMethod launchBrowser" time="0.001">
    <failure type="java.io.FileNotFoundException" message="C:\Users\marin\git\GroceryApplProject\GrocceryApplicationProject\src\main (Access is denied)">
      <![CDATA[java.io.FileNotFoundException: C:\Users\marin\git\GroceryApplProject\GrocceryApplicationProject\src\main (Access is denied)
at java.base/java.io.FileInputStream.open0(Native Method)
at java.base/java.io.FileInputStream.open(FileInputStream.java:213)
at java.base/java.io.FileInputStream.<init>(FileInputStream.java:152)
at java.base/java.io.FileInputStream.<init>(FileInputStream.java:106)
at automationcore.Base.launchBrowser(Base.java:31)
at java.base/java.util.concurrent.Executors$RunnableAdapter.call(Executors.java:572)
at java.base/java.util.concurrent.FutureTask.run(FutureTask.java:317)
at java.base/java.util.concurrent.ThreadPoolExecutor.runWorker(ThreadPoolExecutor.java:1144)
at java.base/java.util.concurrent.ThreadPoolExecutor$Worker.run(ThreadPoolExecutor.java:642)
at java.base/java.lang.Thread.run(Thread.java:1583)
... Removed 15 stack frames]]>
    </failure>
  </testcase> <!-- @BeforeMethod launchBrowser -->
  <testcase classname="automationcore.Base" name="@AfterMethod driverQuit" time="0.0">
    <skipped/>
  </testcase> <!-- @AfterMethod driverQuit -->
  <testcase classname="automationcore.Base" name="@BeforeMethod launchBrowser" time="0.001">
    <failure type="java.io.FileNotFoundException" message="C:\Users\marin\git\GroceryApplProject\GrocceryApplicationProject\src\main (Access is denied)">
      <![CDATA[java.io.FileNotFoundException: C:\Users\marin\git\GroceryApplProject\GrocceryApplicationProject\src\main (Access is denied)
at java.base/java.io.FileInputStream.open0(Native Method)
at java.base/java.io.FileInputStream.open(FileInputStream.java:213)
at java.base/java.io.FileInputStream.<init>(FileInputStream.java:152)
at java.base/java.io.FileInputStream.<init>(FileInputStream.java:106)
at automationcore.Base.launchBrowser(Base.java:31)
at java.base/java.util.concurrent.Executors$RunnableAdapter.call(Executors.java:572)
at java.base/java.util.concurrent.FutureTask.run(FutureTask.java:317)
at java.base/java.util.concurrent.ThreadPoolExecutor.runWorker(ThreadPoolExecutor.java:1144)
at java.base/java.util.concurrent.ThreadPoolExecutor$Worker.run(ThreadPoolExecutor.java:642)
at java.base/java.lang.Thread.run(Thread.java:1583)
... Removed 15 stack frames]]>
    </failure>
  </testcase> <!-- @BeforeMethod launchBrowser -->
  <testcase classname="automationcore.Base" name="@AfterMethod driverQuit" time="0.0">
    <skipped/>
  </testcase> <!-- @AfterMethod driverQuit -->
  <testcase classname="testscripts.LoginTest" name="verifyAdminLoginWithValidCreds" time="0.0">
    <skipped/>
  </testcase> <!-- verifyAdminLoginWithValidCreds -->
  <testcase classname="testscripts.LoginTest" name="verifyAdminLoginWithInvalidPassword" time="0.0">
    <skipped/>
  </testcase> <!-- verifyAdminLoginWithInvalidPassword -->
  <testcase classname="testscripts.LoginTest" name="verifyAdminLoginWithInvalidUsername" time="0.0">
    <skipped/>
  </testcase> <!-- verifyAdminLoginWithInvalidUsername -->
  <testcase classname="testscripts.LoginTest" name="verifyAdminLoginWithInvalidcreds" time="0.0">
    <skipped/>
  </testcase> <!-- verifyAdminLoginWithInvalidcreds -->
  <testcase classname="testscripts.LoginTest" name="verifyAdminLoginWithInvalidcreds" time="0.0">
    <skipped/>
  </testcase> <!-- verifyAdminLoginWithInvalidcreds -->
</testsuite> <!-- Test1 -->
