<?xml version="1.0" encoding="UTF-8"?>
<!-- Generated by org.testng.reporters.JUnitReportReporter -->
<testsuite hostname="OMNIBOOK" failures="0" tests="3" name="testscripts.ManageNewsTest" time="24.594" errors="0" timestamp="2026-03-22T16:33:44 EDT" skipped="0">
  <testcase classname="testscripts.ManageNewsTest" name="verifyUserIsAbleTOSearchNews" time="7.890"/>
  <testcase classname="testscripts.ManageNewsTest" name="verifyUserIsAbleToResetNews" time="7.822"/>
  <testcase classname="testscripts.ManageNewsTest" name="verifyUserIsAbleTOAddNewNews" time="8.882"/>
</testsuite> <!-- testscripts.ManageNewsTest -->
