<?xml version="1.0" encoding="UTF-8"?>
<!-- Generated by org.testng.reporters.JUnitReportReporter -->
<testsuite hostname="OMNIBOOK" failures="0" tests="4" name="testscripts.LoginTest" time="21.886" errors="0" timestamp="2026-03-22T16:33:44 EDT" skipped="0">
  <testcase classname="testscripts.LoginTest" name="verifyAdminLoginWithValidCreds" time="6.940"/>
  <testcase classname="testscripts.LoginTest" name="verifyAdminLoginWithInvalidPassword" time="4.953"/>
  <testcase classname="testscripts.LoginTest" name="verifyAdminLoginWithInvalidUsername" time="5.076"/>
  <testcase classname="testscripts.LoginTest" name="verifyAdminLoginWithInvalidcreds" time="4.917"/>
</testsuite> <!-- testscripts.LoginTest -->
