<?xml version="1.0" encoding="UTF-8"?>
<!-- Generated by org.testng.reporters.JUnitReportReporter -->
<testsuite hostname="OMNIBOOK" failures="0" tests="3" name="testscripts.AdminTest" time="25.773" errors="0" timestamp="2026-03-22T16:33:44 EDT" skipped="0">
  <testcase classname="testscripts.AdminTest" name="adminAddNewUser" time="9.796"/>
  <testcase classname="testscripts.AdminTest" name="adminSearchUser" time="8.260"/>
  <testcase classname="testscripts.AdminTest" name="adminResetUsers" time="7.717"/>
</testsuite> <!-- testscripts.AdminTest -->
