<?xml version="1.0" encoding="UTF-8"?>
<!-- Generated by org.testng.reporters.JUnitXMLReporter -->
<testsuite ignored="0" hostname="OMNIBOOK" failures="0" tests="11" name="Test" time="79.501" errors="0" timestamp="2026-03-22T16:33:44 EDT">
  <testcase classname="testscripts.LoginTest" name="verifyAdminLoginWithValidCreds" time="2.659"/>
  <testcase classname="testscripts.LoginTest" name="verifyAdminLoginWithInvalidPassword" time="1.189"/>
  <testcase classname="testscripts.LoginTest" name="verifyAdminLoginWithInvalidUsername" time="0.995"/>
  <testcase classname="testscripts.LoginTest" name="verifyAdminLoginWithInvalidcreds" time="1.061"/>
  <testcase classname="testscripts.HomeTest" name="verifyUserAbleToLogout" time="3.329"/>
  <testcase classname="testscripts.AdminTest" name="adminAddNewUser" time="6.012"/>
  <testcase classname="testscripts.AdminTest" name="adminResetUsers" time="3.995"/>
  <testcase classname="testscripts.AdminTest" name="adminSearchUser" time="4.358"/>
  <testcase classname="testscripts.ManageNewsTest" name="verifyUserIsAbleTOAddNewNews" time="5.063"/>
  <testcase classname="testscripts.ManageNewsTest" name="verifyUserIsAbleTOSearchNews" time="4.172"/>
  <testcase classname="testscripts.ManageNewsTest" name="verifyUserIsAbleToResetNews" time="3.96"/>
</testsuite> <!-- Test -->
